mode: atomic
simcart/pkg/logger/implementation.go:16.56,18.16 1 1
simcart/pkg/logger/implementation.go:22.2,35.11 4 1
simcart/pkg/logger/implementation.go:63.2,63.15 1 1
simcart/pkg/logger/implementation.go:18.16,20.3 1 0
simcart/pkg/logger/implementation.go:35.11,50.3 2 1
simcart/pkg/logger/implementation.go:50.8,61.3 2 0
simcart/pkg/logger/implementation.go:67.55,70.2 2 3
simcart/pkg/logger/implementation.go:73.52,76.2 2 0
simcart/pkg/logger/implementation.go:79.38,80.15 1 2
simcart/pkg/logger/implementation.go:85.2,85.21 1 2
simcart/pkg/logger/implementation.go:80.15,83.3 2 2
simcart/pkg/logger/implementation.go:85.21,86.18 1 2
simcart/pkg/logger/implementation.go:87.26,88.39 1 2
simcart/pkg/logger/implementation.go:89.26,90.39 1 0
simcart/pkg/logger/implementation.go:91.27,92.40 1 0
simcart/pkg/logger/implementation.go:93.27,94.40 1 0
simcart/pkg/logger/implementation.go:95.27,96.40 1 0
simcart/pkg/logger/implementation.go:97.11,98.39 1 0
simcart/pkg/logger/implementation.go:105.47,108.2 2 1
simcart/pkg/logger/implementation.go:111.34,116.26 4 0
simcart/pkg/logger/implementation.go:120.2,122.10 3 0
simcart/pkg/logger/implementation.go:116.26,118.3 1 0
simcart/pkg/logger/implementation.go:125.26,127.2 1 0
simcart/pkg/logger/implementation.go:129.68,132.2 2 0
simcart/pkg/logger/logger.go:10.46,14.27 2 1
simcart/pkg/logger/logger.go:18.2,18.19 1 1
simcart/pkg/logger/logger.go:21.2,23.10 2 1
simcart/pkg/logger/logger.go:14.27,16.3 1 2
simcart/pkg/logger/logger.go:18.19,20.3 1 1
simcart/pkg/logger/options.go:5.41,6.22 1 1
simcart/pkg/logger/options.go:6.22,8.50 2 1
simcart/pkg/logger/options.go:8.50,10.4 1 0
simcart/pkg/logger/options.go:15.41,16.22 1 1
simcart/pkg/logger/options.go:16.22,18.3 1 1
simcart/infrastructure/postgres/implementations.go:15.75,18.17 2 2
simcart/infrastructure/postgres/implementations.go:42.2,42.12 1 2
simcart/infrastructure/postgres/implementations.go:18.17,25.56 2 1
simcart/infrastructure/postgres/implementations.go:34.3,38.27 3 0
simcart/infrastructure/postgres/implementations.go:25.56,32.4 3 1
simcart/infrastructure/postgres/implementations.go:45.38,46.17 1 1
simcart/infrastructure/postgres/implementations.go:49.2,49.18 1 1
simcart/infrastructure/postgres/implementations.go:46.17,48.3 1 0
simcart/infrastructure/postgres/implementations.go:52.24,53.14 1 0
simcart/infrastructure/postgres/implementations.go:53.14,55.3 1 0
simcart/infrastructure/postgres/implementations.go:58.25,58.26 0 0
simcart/infrastructure/postgres/implementations.go:60.42,66.16 3 0
simcart/infrastructure/postgres/implementations.go:70.2,72.15 2 0
simcart/infrastructure/postgres/implementations.go:66.16,68.3 1 0
simcart/infrastructure/postgres/implementations.go:75.28,79.2 3 0
simcart/infrastructure/postgres/implementations.go:81.29,83.2 1 0
simcart/infrastructure/postgres/implementations.go:85.28,87.2 1 0
simcart/infrastructure/postgres/implementations.go:89.31,91.2 1 0
simcart/infrastructure/postgres/implementations.go:93.27,95.2 1 0
simcart/infrastructure/postgres/implementations.go:97.93,99.2 1 0
simcart/infrastructure/postgres/implementations.go:101.73,102.19 1 0
simcart/infrastructure/postgres/implementations.go:108.2,108.12 1 0
simcart/infrastructure/postgres/implementations.go:103.22,105.86 2 0
simcart/infrastructure/postgres/implementations.go:111.26,113.2 1 0
simcart/infrastructure/search/redisearch.go:34.51,36.17 1 1
simcart/infrastructure/search/redisearch.go:40.2,40.17 1 1
simcart/infrastructure/search/redisearch.go:36.17,39.3 2 1
simcart/infrastructure/search/redisearch.go:43.43,44.21 1 0
simcart/infrastructure/search/redisearch.go:47.2,47.22 1 0
simcart/infrastructure/search/redisearch.go:44.21,46.3 1 0
simcart/infrastructure/search/redisearch.go:52.87,59.49 2 1
simcart/infrastructure/search/redisearch.go:62.2,62.12 1 0
simcart/infrastructure/search/redisearch.go:59.49,61.3 1 1
simcart/infrastructure/search/redisearch.go:64.87,69.2 1 1
simcart/infrastructure/search/redisearch.go:70.62,72.2 1 1
simcart/infrastructure/search/redisearch.go:74.100,78.29 2 2
simcart/infrastructure/search/redisearch.go:83.2,85.12 2 2
simcart/infrastructure/search/redisearch.go:78.29,82.3 2 4
simcart/infrastructure/search/redisearch.go:89.57,91.2 1 0
simcart/infrastructure/search/redisearch.go:93.30,95.2 1 0
simcart/infrastructure/search/redisearch.go:97.71,99.2 1 0
simcart/interface/cart/handler.go:21.63,26.2 3 8
simcart/interface/cart/handler.go:28.104,32.37 2 6
simcart/interface/cart/handler.go:35.2,37.16 2 5
simcart/interface/cart/handler.go:41.2,44.16 3 4
simcart/interface/cart/handler.go:47.2,47.30 1 4
simcart/interface/cart/handler.go:32.37,34.3 1 1
simcart/interface/cart/handler.go:37.16,39.3 1 1
simcart/interface/cart/handler.go:44.16,46.3 1 0
simcart/interface/cart/handler.go:50.103,54.16 2 2
simcart/interface/cart/handler.go:58.2,60.16 2 2
simcart/interface/cart/handler.go:64.2,64.27 1 2
simcart/interface/cart/handler.go:54.16,56.3 1 0
simcart/interface/cart/handler.go:60.16,62.3 1 0
simcart/interface/cart/handler.go:68.101,71.16 2 1
simcart/interface/cart/handler.go:75.2,77.16 2 1
simcart/interface/cart/handler.go:81.2,83.16 2 1
simcart/interface/cart/handler.go:87.2,87.32 1 1
simcart/interface/cart/handler.go:71.16,73.3 1 0
simcart/interface/cart/handler.go:77.16,79.3 1 0
simcart/interface/cart/handler.go:83.16,85.3 1 0
simcart/interface/cart/handler.go:90.113,93.16 2 1
simcart/interface/cart/handler.go:96.2,98.16 2 1
simcart/interface/cart/handler.go:102.2,104.32 2 1
simcart/interface/cart/handler.go:93.16,95.3 1 0
simcart/interface/cart/handler.go:98.16,100.3 1 0
simcart/app/scaffold/shut_down.go:10.28,17.2 5 0
simcart/app/scaffold/tracing.go:16.69,42.16 6 0
simcart/app/scaffold/tracing.go:47.2,49.28 2 0
simcart/app/scaffold/tracing.go:42.16,45.3 1 0
simcart/app/scaffold/commissioning.go:16.67,22.16 3 0
simcart/app/scaffold/commissioning.go:26.2,28.21 2 0
simcart/app/scaffold/commissioning.go:32.2,33.55 1 0
simcart/app/scaffold/commissioning.go:38.2,40.19 2 0
simcart/app/scaffold/commissioning.go:44.2,44.8 1 0
simcart/app/scaffold/commissioning.go:22.16,24.3 1 0
simcart/app/scaffold/commissioning.go:28.21,30.3 1 0
simcart/app/scaffold/commissioning.go:33.55,36.3 1 0
simcart/app/scaffold/commissioning.go:40.19,43.3 1 0
simcart/app/scaffold/scaffold.go:11.44,21.12 4 0
simcart/app/scaffold/scaffold.go:30.2,30.10 1 0
simcart/app/scaffold/scaffold.go:21.12,22.7 1 0
simcart/app/scaffold/scaffold.go:22.7,23.11 1 0
simcart/app/scaffold/scaffold.go:24.13,25.14 1 0
simcart/app/scaffold/scaffold.go:33.57,35.2 1 0
simcart/app/scaffold/scaffold.go:37.59,39.45 1 0
simcart/app/scaffold/scaffold.go:43.2,43.38 1 0
simcart/app/scaffold/scaffold.go:48.2,48.12 1 0
simcart/app/scaffold/scaffold.go:39.45,41.3 1 0
simcart/app/scaffold/scaffold.go:43.38,46.3 1 0
simcart/app/scaffold/scaffold.go:51.47,53.2 1 0
simcart/app/scaffold/server.go:37.54,46.16 5 0
simcart/app/scaffold/server.go:51.2,68.12 2 0
simcart/app/scaffold/server.go:80.2,97.16 6 0
simcart/app/scaffold/server.go:101.2,101.81 1 0
simcart/app/scaffold/server.go:105.2,105.72 1 0
simcart/app/scaffold/server.go:109.2,109.69 1 0
simcart/app/scaffold/server.go:114.2,123.20 4 0
simcart/app/scaffold/server.go:128.2,128.12 1 0
simcart/app/scaffold/server.go:46.16,49.3 1 0
simcart/app/scaffold/server.go:68.12,70.35 1 0
simcart/app/scaffold/server.go:73.3,73.31 1 0
simcart/app/scaffold/server.go:70.35,72.4 1 0
simcart/app/scaffold/server.go:97.16,99.3 1 0
simcart/app/scaffold/server.go:101.81,103.3 1 0
simcart/app/scaffold/server.go:105.72,107.3 1 0
simcart/app/scaffold/server.go:109.69,111.3 1 0
simcart/app/scaffold/server.go:123.20,126.3 1 0
simcart/app/scaffold/server.go:133.52,136.2 2 0
